<?xml version="1.0" encoding="UTF-8"?>
<!-- Generated by org.testng.reporters.JUnitXMLReporter -->
<testsuite ignored="6" hostname="Surendhar-PC" failures="0" tests="14" name="Edge Test" time="0.271" errors="0" timestamp="2024-02-16T17:08:30 IST">
  <testcase classname="com.testscripts.org.CreateAccountRunner" name="@BeforeTest driverSetup" time="0.003">
    <failure type="java.lang.NullPointerException" message="Cannot invoke &amp;quot;org.openqa.selenium.WebDriver.manage()&amp;quot; because &amp;quot;com.utils.org.BaseClass.driver&amp;quot; is null">
      <![CDATA[java.lang.NullPointerException: Cannot invoke "org.openqa.selenium.WebDriver.manage()" because "com.utils.org.BaseClass.driver" is null
at com.utils.org.BaseClass.implicitlyWait(BaseClass.java:86)
at com.testscripts.org.CreateAccountRunner.driverSetup(CreateAccountRunner.java:42)
... Removed 22 stack frames]]>
    </failure>
  </testcase> <!-- @BeforeTest driverSetup -->
  <testcase classname="com.testscripts.org.CreateAccountRunner" name="@BeforeClass urlVerify" time="-1.708083510287E9">
    <skipped/>
  </testcase> <!-- @BeforeClass urlVerify -->
  <testcase classname="com.utils.org.BaseClass" name="@AfterMethod extentFlush" time="-1.708083510294E9">
    <skipped/>
  </testcase> <!-- @AfterMethod extentFlush -->
  <testcase classname="com.utils.org.BaseClass" name="@AfterMethod extentFlush" time="-1.708083510301E9">
    <skipped/>
  </testcase> <!-- @AfterMethod extentFlush -->
  <testcase classname="com.utils.org.BaseClass" name="@AfterMethod extentFlush" time="-1.708083510308E9">
    <skipped/>
  </testcase> <!-- @AfterMethod extentFlush -->
  <testcase classname="com.utils.org.BaseClass" name="@AfterMethod extentFlush" time="-1.708083510314E9">
    <skipped/>
  </testcase> <!-- @AfterMethod extentFlush -->
  <testcase classname="com.utils.org.BaseClass" name="@AfterMethod extentFlush" time="-1.708083510331E9">
    <skipped/>
  </testcase> <!-- @AfterMethod extentFlush -->
  <testcase classname="com.utils.org.BaseClass" name="@AfterMethod extentFlush" time="-1.708083510336E9">
    <skipped/>
  </testcase> <!-- @AfterMethod extentFlush -->
  <testcase classname="com.utils.org.BaseClass" name="@AfterMethod extentFlush" time="-1.708083510375E9">
    <skipped/>
  </testcase> <!-- @AfterMethod extentFlush -->
  <testcase classname="com.utils.org.BaseClass" name="@AfterMethod extentFlush" time="-1.708083510404E9">
    <skipped/>
  </testcase> <!-- @AfterMethod extentFlush -->
  <testcase classname="com.utils.org.BaseClass" name="@AfterMethod extentFlush" time="-1.708083510409E9">
    <skipped/>
  </testcase> <!-- @AfterMethod extentFlush -->
  <testcase classname="com.utils.org.BaseClass" name="@AfterMethod extentFlush" time="-1.70808351043E9">
    <skipped/>
  </testcase> <!-- @AfterMethod extentFlush -->
  <testcase classname="com.utils.org.BaseClass" name="@AfterMethod extentFlush" time="-1.708083510472E9">
    <skipped/>
  </testcase> <!-- @AfterMethod extentFlush -->
  <testcase classname="com.utils.org.BaseClass" name="@AfterMethod extentFlush" time="-1.708083510479E9">
    <skipped/>
  </testcase> <!-- @AfterMethod extentFlush -->
  <testcase classname="com.utils.org.BaseClass" name="@AfterMethod extentFlush" time="-1.708083510504E9">
    <skipped/>
  </testcase> <!-- @AfterMethod extentFlush -->
  <testcase classname="com.utils.org.BaseClass" name="@AfterMethod extentFlush" time="-1.708083510541E9">
    <skipped/>
  </testcase> <!-- @AfterMethod extentFlush -->
  <testcase classname="com.testscripts.org.CheckoutAndPaymentProcessRunner" name="@AfterClass tearDown" time="-1.708083510543E9">
    <skipped/>
  </testcase> <!-- @AfterClass tearDown -->
  <testcase classname="com.testscripts.org.CreateAccountRunner" name="createAccountValidCredentials" time="0.0">
    <skipped/>
  </testcase> <!-- createAccountValidCredentials -->
  <testcase classname="com.testscripts.org.CreateAccountRunner" name="reader" time="0.0">
    <skipped/>
  </testcase> <!-- reader -->
  <testcase classname="com.testscripts.org.CreateAccountRunner" name="createAccountInvalidCredentials" time="0.0">
    <skipped/>
  </testcase> <!-- createAccountInvalidCredentials -->
  <testcase classname="com.testscripts.org.CreateAccountRunner" name="createAccountEmptyCredentials" time="0.0">
    <skipped/>
  </testcase> <!-- createAccountEmptyCredentials -->
  <testcase classname="com.testscripts.org.SignInRunner" name="signUpValidCredentials" time="0.0">
    <skipped/>
  </testcase> <!-- signUpValidCredentials -->
  <testcase classname="com.testscripts.org.SignInRunner" name="signUpInValidCredentials" time="0.0">
    <skipped/>
  </testcase> <!-- signUpInValidCredentials -->
  <testcase classname="com.testscripts.org.SignInRunner" name="signUpEmptyCredentials" time="0.0">
    <skipped/>
  </testcase> <!-- signUpEmptyCredentials -->
  <testcase classname="com.testscripts.org.MenuValidationRunner" name="topLinkVerification" time="0.0">
    <skipped/>
  </testcase> <!-- topLinkVerification -->
  <testcase classname="com.testscripts.org.MenuValidationRunner" name="bottomLinkVerification" time="0.0">
    <skipped/>
  </testcase> <!-- bottomLinkVerification -->
  <testcase classname="com.testscripts.org.SearchItemRunner" name="searchAddToshoppingCart" time="0.0">
    <skipped/>
  </testcase> <!-- searchAddToshoppingCart -->
  <testcase classname="com.testscripts.org.ShopByDepartmentRunner" name="shopByDepartment" time="0.0">
    <skipped/>
  </testcase> <!-- shopByDepartment -->
  <testcase classname="com.testscripts.org.ShopByBrandRunner" name="shopByBrands" time="0.0">
    <skipped/>
  </testcase> <!-- shopByBrands -->
  <testcase classname="com.testscripts.org.CheckoutAndPaymentProcessRunner" name="checkoutLoginProcess" time="0.0">
    <skipped/>
  </testcase> <!-- checkoutLoginProcess -->
  <testcase classname="com.testscripts.org.CheckoutAndPaymentProcessRunner" name="paymentInformation" time="0.0">
    <skipped/>
  </testcase> <!-- paymentInformation -->
  <testcase classname="com.utils.org.BaseClass" name="@BeforeSuite extentReport" time="0.0">
    <ignored/>
  </testcase> <!-- @BeforeSuite extentReport -->
  <testcase classname="com.utils.org.BaseClass" name="@BeforeSuite extentReport" time="0.0">
    <ignored/>
  </testcase> <!-- @BeforeSuite extentReport -->
  <testcase classname="com.utils.org.BaseClass" name="@BeforeSuite extentReport" time="0.0">
    <ignored/>
  </testcase> <!-- @BeforeSuite extentReport -->
  <testcase classname="com.utils.org.BaseClass" name="@BeforeSuite extentReport" time="0.0">
    <ignored/>
  </testcase> <!-- @BeforeSuite extentReport -->
  <testcase classname="com.utils.org.BaseClass" name="@BeforeSuite extentReport" time="0.0">
    <ignored/>
  </testcase> <!-- @BeforeSuite extentReport -->
  <testcase classname="com.utils.org.BaseClass" name="@BeforeSuite extentReport" time="0.0">
    <ignored/>
  </testcase> <!-- @BeforeSuite extentReport -->
</testsuite> <!-- Edge Test -->
