<?xml version="1.0" encoding="UTF-8"?>
<!-- Generated by org.testng.reporters.JUnitXMLReporter -->
<testsuite ignored="0" hostname="Surendhar-PC" failures="1" tests="14" name="Test" time="333.804" errors="0" timestamp="2024-02-11T19:38:10 IST">
  <testcase classname="com.testscripts.org.CreateAccountRunner" name="createAccountValidCredentials" time="29.752"/>
  <testcase classname="com.testscripts.org.CreateAccountRunner" name="reader" time="0.002"/>
  <testcase classname="com.testscripts.org.CreateAccountRunner" name="createAccountInvalidCredentials" time="19.477"/>
  <testcase classname="com.testscripts.org.CreateAccountRunner" name="createAccountEmptyCredentials" time="13.612"/>
  <testcase classname="com.testscripts.org.SignUpRunner" name="signUpValidCredentials" time="12.778"/>
  <testcase classname="com.testscripts.org.SignUpRunner" name="signUpInValidCredentials" time="12.959"/>
  <testcase classname="com.testscripts.org.SignUpRunner" name="signUpEmptyCredentials" time="14.231"/>
  <testcase classname="com.testscripts.org.MenuValidationRunner" name="topLinkVerification" time="0.501"/>
  <testcase classname="com.testscripts.org.MenuValidationRunner" name="bottomLinkVerification" time="0.518"/>
  <testcase classname="com.testscripts.org.SearchItemRunner" name="searchAddToshoppingCart" time="22.367">
    <failure type="org.openqa.selenium.ElementClickInterceptedException" message="element click intercepted: Element &amp;lt;button class=&amp;quot;c-button c-button-primary c-button-sm c-button-block c-button-icon c-button-icon-leading add-to-cart-button&amp;quot; type=&amp;quot;button&amp;quot; data-sku-id=&amp;quot;6552870&amp;quot; data-button-state=&amp;quot;ADD_TO_CART&amp;quot; style=&amp;quot;padding:0 8px;margin-bottom:8px;margin-left:0px&amp;quot;&amp;gt;...&amp;lt;/button&amp;gt; is not clickable at point (1177, 15). Other element would receive the click: &amp;lt;div class=&amp;quot;top-nav&amp;quot;&amp;gt;...&amp;lt;/div&amp;gt;
  (Session info: chrome=109.0.5414.120)
Build info: version: &amp;apos;4.11.0&amp;apos;, revision: &amp;apos;040bc5406b&amp;apos;
System info: os.name: &amp;apos;Windows 7&amp;apos;, os.arch: &amp;apos;amd64&amp;apos;, os.version: &amp;apos;6.1&amp;apos;, java.version: &amp;apos;18.0.1&amp;apos;
Driver info: org.openqa.selenium.chrome.ChromeDriver
Command: [61e6f4224081e01fcb912c6107fab8ec, clickElement {id=b2666df7-c534-482a-952c-44e979e4d05f}]
Capabilities {acceptInsecureCerts: false, browserName: chrome, browserVersion: 109.0.5414.120, chrome: {chromedriverVersion: 109.0.5414.74 (e7c5703604da..., userDataDir: C:\Users\SUREND~1\AppData\L...}, goog:chromeOptions: {debuggerAddress: localhost:49783}, networkConnectionEnabled: false, pageLoadStrategy: normal, platformName: windows, proxy: Proxy(), se:cdp: ws://localhost:49783/devtoo..., se:cdpVersion: 109.0.5414.120, setWindowRect: true, strictFileInteractability: false, timeouts: {implicit: 0, pageLoad: 300000, script: 30000}, unhandledPromptBehavior: dismiss and notify, webauthn:extension:credBlob: true, webauthn:extension:largeBlob: true, webauthn:virtualAuthenticators: true}
Element: [[ChromeDriver: chrome on windows (61e6f4224081e01fcb912c6107fab8ec)] -&amp;gt; xpath: (//button[@data-button-state=&amp;apos;ADD_TO_CART&amp;apos;])[4]]
Session ID: 61e6f4224081e01fcb912c6107fab8ec">
      <![CDATA[org.openqa.selenium.ElementClickInterceptedException: element click intercepted: Element <button class="c-button c-button-primary c-button-sm c-button-block c-button-icon c-button-icon-leading add-to-cart-button" type="button" data-sku-id="6552870" data-button-state="ADD_TO_CART" style="padding:0 8px;margin-bottom:8px;margin-left:0px">...</button> is not clickable at point (1177, 15). Other element would receive the click: <div class="top-nav">...</div>
  (Session info: chrome=109.0.5414.120)
Build info: version: '4.11.0', revision: '040bc5406b'
System info: os.name: 'Windows 7', os.arch: 'amd64', os.version: '6.1', java.version: '18.0.1'
Driver info: org.openqa.selenium.chrome.ChromeDriver
Command: [61e6f4224081e01fcb912c6107fab8ec, clickElement {id=b2666df7-c534-482a-952c-44e979e4d05f}]
Capabilities {acceptInsecureCerts: false, browserName: chrome, browserVersion: 109.0.5414.120, chrome: {chromedriverVersion: 109.0.5414.74 (e7c5703604da..., userDataDir: C:\Users\SUREND~1\AppData\L...}, goog:chromeOptions: {debuggerAddress: localhost:49783}, networkConnectionEnabled: false, pageLoadStrategy: normal, platformName: windows, proxy: Proxy(), se:cdp: ws://localhost:49783/devtoo..., se:cdpVersion: 109.0.5414.120, setWindowRect: true, strictFileInteractability: false, timeouts: {implicit: 0, pageLoad: 300000, script: 30000}, unhandledPromptBehavior: dismiss and notify, webauthn:extension:credBlob: true, webauthn:extension:largeBlob: true, webauthn:virtualAuthenticators: true}
Element: [[ChromeDriver: chrome on windows (61e6f4224081e01fcb912c6107fab8ec)] -> xpath: (//button[@data-button-state='ADD_TO_CART'])[4]]
Session ID: 61e6f4224081e01fcb912c6107fab8ec
at org.openqa.selenium.remote.codec.w3c.W3CHttpResponseCodec.createException(W3CHttpResponseCodec.java:200)
at org.openqa.selenium.remote.codec.w3c.W3CHttpResponseCodec.decode(W3CHttpResponseCodec.java:133)
at org.openqa.selenium.remote.codec.w3c.W3CHttpResponseCodec.decode(W3CHttpResponseCodec.java:52)
at org.openqa.selenium.remote.HttpCommandExecutor.execute(HttpCommandExecutor.java:191)
at org.openqa.selenium.remote.service.DriverCommandExecutor.invokeExecute(DriverCommandExecutor.java:196)
at org.openqa.selenium.remote.service.DriverCommandExecutor.execute(DriverCommandExecutor.java:171)
at org.openqa.selenium.remote.RemoteWebDriver.execute(RemoteWebDriver.java:518)
at org.openqa.selenium.remote.RemoteWebElement.execute(RemoteWebElement.java:224)
at org.openqa.selenium.remote.RemoteWebElement.click(RemoteWebElement.java:77)
at org.openqa.selenium.support.pagefactory.internal.LocatingElementHandler.invoke(LocatingElementHandler.java:51)
at jdk.proxy2/jdk.proxy2.$Proxy19.click(Unknown Source)
at com.utils.org.BaseClass.clickOnElement(BaseClass.java:100)
at com.testscripts.org.SearchItemRunner.searchAddToshoppingCart(SearchItemRunner.java:22)
at java.base/java.util.ArrayList.forEach(ArrayList.java:1511)
... Removed 30 stack frames]]>
    </failure>
  </testcase> <!-- searchAddToshoppingCart -->
  <testcase classname="com.testscripts.org.ShopByDepartmentRunner" name="shopByDepartment" time="53.73"/>
  <testcase classname="com.testscripts.org.ShopByBrandRunner" name="shopByBrands" time="67.095"/>
  <testcase classname="com.testscripts.org.CheckoutAndPaymentProcessRunner" name="checkoutLoginProcess" time="8.542"/>
  <testcase classname="com.testscripts.org.CheckoutAndPaymentProcessRunner" name="paymentInformation" time="30.543"/>
</testsuite> <!-- Test -->
