<html>
<head>
<title>TestNG:  Test</title>
<link href="../testng.css" rel="stylesheet" type="text/css" />
<link href="../my-testng.css" rel="stylesheet" type="text/css" />

<style type="text/css">
.log { display: none;} 
.stack-trace { display: none;} 
</style>
<script type="text/javascript">
<!--
function flip(e) {
  current = e.style.display;
  if (current == 'block') {
    e.style.display = 'none';
    return 0;
  }
  else {
    e.style.display = 'block';
    return 1;
  }
}

function toggleBox(szDivId, elem, msg1, msg2)
{
  var res = -1;  if (document.getElementById) {
    res = flip(document.getElementById(szDivId));
  }
  else if (document.all) {
    // this is the way old msie versions work
    res = flip(document.all[szDivId]);
  }
  if(elem) {
    if(res == 0) elem.innerHTML = msg1; else elem.innerHTML = msg2;
  }

}

function toggleAllBoxes() {
  if (document.getElementsByTagName) {
    d = document.getElementsByTagName('div');
    for (i = 0; i < d.length; i++) {
      if (d[i].className == 'log') {
        flip(d[i]);
      }
    }
  }
}

// -->
</script>

</head>
<body>
<h2 align='center'>Test</h2><table border='1' align="center">
<tr>
<td>Tests passed/Failed/Skipped:</td><td>13/1/0</td>
</tr><tr>
<td>Started on:</td><td>Sun Feb 11 19:32:36 IST 2024</td>
</tr>
<tr><td>Total time:</td><td>333 seconds (333804 ms)</td>
</tr><tr>
<td>Included groups:</td><td></td>
</tr><tr>
<td>Excluded groups:</td><td></td>
</tr>
</table><p/>
<small><i>(Hover the method name to see the test class name)</i></small><p/>
<table width='100%' border='1' class='invocation-failed'>
<tr><td colspan='4' align='center'><b>FAILED TESTS</b></td></tr>
<tr><td><b>Test method</b></td>
<td width="30%"><b>Exception</b></td>
<td width="10%"><b>Time (seconds)</b></td>
<td><b>Instance</b></td>
</tr>
<tr>
<td title='com.testscripts.org.SearchItemRunner.searchAddToshoppingCart()'><b>searchAddToshoppingCart</b><br>Test class: com.testscripts.org.SearchItemRunner</td>
<td><div><pre>org.openqa.selenium.ElementClickInterceptedException: element click intercepted: Element &lt;button class=&quot;c-button c-button-primary c-button-sm c-button-block c-button-icon c-button-icon-leading add-to-cart-button&quot; type=&quot;button&quot; data-sku-id=&quot;6552870&quot; data-button-state=&quot;ADD_TO_CART&quot; style=&quot;padding:0 8px;margin-bottom:8px;margin-left:0px&quot;&gt;...&lt;/button&gt; is not clickable at point (1177, 15). Other element would receive the click: &lt;div class=&quot;top-nav&quot;&gt;...&lt;/div&gt;
  (Session info: chrome=109.0.5414.120)
Build info: version: &apos;4.11.0&apos;, revision: &apos;040bc5406b&apos;
System info: os.name: &apos;Windows 7&apos;, os.arch: &apos;amd64&apos;, os.version: &apos;6.1&apos;, java.version: &apos;18.0.1&apos;
Driver info: org.openqa.selenium.chrome.ChromeDriver
Command: [61e6f4224081e01fcb912c6107fab8ec, clickElement {id=b2666df7-c534-482a-952c-44e979e4d05f}]
Capabilities {acceptInsecureCerts: false, browserName: chrome, browserVersion: 109.0.5414.120, chrome: {chromedriverVersion: 109.0.5414.74 (e7c5703604da..., userDataDir: C:\Users\SUREND~1\AppData\L...}, goog:chromeOptions: {debuggerAddress: localhost:49783}, networkConnectionEnabled: false, pageLoadStrategy: normal, platformName: windows, proxy: Proxy(), se:cdp: ws://localhost:49783/devtoo..., se:cdpVersion: 109.0.5414.120, setWindowRect: true, strictFileInteractability: false, timeouts: {implicit: 0, pageLoad: 300000, script: 30000}, unhandledPromptBehavior: dismiss and notify, webauthn:extension:credBlob: true, webauthn:extension:largeBlob: true, webauthn:virtualAuthenticators: true}
Element: [[ChromeDriver: chrome on windows (61e6f4224081e01fcb912c6107fab8ec)] -&gt; xpath: (//button[@data-button-state=&apos;ADD_TO_CART&apos;])[4]]
Session ID: 61e6f4224081e01fcb912c6107fab8ec
	at org.openqa.selenium.remote.codec.w3c.W3CHttpResponseCodec.createException(W3CHttpResponseCodec.java:200)
	at org.openqa.selenium.remote.codec.w3c.W3CHttpResponseCodec.decode(W3CHttpResponseCodec.java:133)
	at org.openqa.selenium.remote.codec.w3c.W3CHttpResponseCodec.decode(W3CHttpResponseCodec.java:52)
	at org.openqa.selenium.remote.HttpCommandExecutor.execute(HttpCommandExecutor.java:191)
	at org.openqa.selenium.remote.service.DriverCommandExecutor.invokeExecute(DriverCommandExecutor.java:196)
	at org.openqa.selenium.remote.service.DriverCommandExecutor.execute(DriverCommandExecutor.java:171)
	at org.openqa.selenium.remote.RemoteWebDriver.execute(RemoteWebDriver.java:518)
	at org.openqa.selenium.remote.RemoteWebElement.execute(RemoteWebElement.java:224)
	at org.openqa.selenium.remote.RemoteWebElement.click(RemoteWebElement.java:77)
	at org.openqa.selenium.support.pagefactory.internal.LocatingElementHandler.invoke(LocatingElementHandler.java:51)
	at jdk.proxy2/jdk.proxy2.$Proxy19.click(Unknown Source)
	at com.utils.org.BaseClass.clickOnElement(BaseClass.java:100)
	at com.testscripts.org.SearchItemRunner.searchAddToshoppingCart(SearchItemRunner.java:22)
	at java.base/java.util.ArrayList.forEach(ArrayList.java:1511)
... Removed 30 stack frames</pre></div><a href='#' onClick='toggleBox("stack-trace864078397", this, "Click to show all stack frames", "Click to hide stack frames")'>Click to show all stack frames</a>
<div class='stack-trace' id='stack-trace864078397'><pre>org.openqa.selenium.ElementClickInterceptedException: element click intercepted: Element &lt;button class=&quot;c-button c-button-primary c-button-sm c-button-block c-button-icon c-button-icon-leading add-to-cart-button&quot; type=&quot;button&quot; data-sku-id=&quot;6552870&quot; data-button-state=&quot;ADD_TO_CART&quot; style=&quot;padding:0 8px;margin-bottom:8px;margin-left:0px&quot;&gt;...&lt;/button&gt; is not clickable at point (1177, 15). Other element would receive the click: &lt;div class=&quot;top-nav&quot;&gt;...&lt;/div&gt;
  (Session info: chrome=109.0.5414.120)
Build info: version: &apos;4.11.0&apos;, revision: &apos;040bc5406b&apos;
System info: os.name: &apos;Windows 7&apos;, os.arch: &apos;amd64&apos;, os.version: &apos;6.1&apos;, java.version: &apos;18.0.1&apos;
Driver info: org.openqa.selenium.chrome.ChromeDriver
Command: [61e6f4224081e01fcb912c6107fab8ec, clickElement {id=b2666df7-c534-482a-952c-44e979e4d05f}]
Capabilities {acceptInsecureCerts: false, browserName: chrome, browserVersion: 109.0.5414.120, chrome: {chromedriverVersion: 109.0.5414.74 (e7c5703604da..., userDataDir: C:\Users\SUREND~1\AppData\L...}, goog:chromeOptions: {debuggerAddress: localhost:49783}, networkConnectionEnabled: false, pageLoadStrategy: normal, platformName: windows, proxy: Proxy(), se:cdp: ws://localhost:49783/devtoo..., se:cdpVersion: 109.0.5414.120, setWindowRect: true, strictFileInteractability: false, timeouts: {implicit: 0, pageLoad: 300000, script: 30000}, unhandledPromptBehavior: dismiss and notify, webauthn:extension:credBlob: true, webauthn:extension:largeBlob: true, webauthn:virtualAuthenticators: true}
Element: [[ChromeDriver: chrome on windows (61e6f4224081e01fcb912c6107fab8ec)] -&gt; xpath: (//button[@data-button-state=&apos;ADD_TO_CART&apos;])[4]]
Session ID: 61e6f4224081e01fcb912c6107fab8ec
	at java.base/jdk.internal.reflect.DirectConstructorHandleAccessor.newInstance(DirectConstructorHandleAccessor.java:67)
	at java.base/java.lang.reflect.Constructor.newInstanceWithCaller(Constructor.java:499)
	at java.base/java.lang.reflect.Constructor.newInstance(Constructor.java:483)
	at org.openqa.selenium.remote.codec.w3c.W3CHttpResponseCodec.createException(W3CHttpResponseCodec.java:200)
	at org.openqa.selenium.remote.codec.w3c.W3CHttpResponseCodec.decode(W3CHttpResponseCodec.java:133)
	at org.openqa.selenium.remote.codec.w3c.W3CHttpResponseCodec.decode(W3CHttpResponseCodec.java:52)
	at org.openqa.selenium.remote.HttpCommandExecutor.execute(HttpCommandExecutor.java:191)
	at org.openqa.selenium.remote.service.DriverCommandExecutor.invokeExecute(DriverCommandExecutor.java:196)
	at org.openqa.selenium.remote.service.DriverCommandExecutor.execute(DriverCommandExecutor.java:171)
	at org.openqa.selenium.remote.RemoteWebDriver.execute(RemoteWebDriver.java:518)
	at org.openqa.selenium.remote.RemoteWebElement.execute(RemoteWebElement.java:224)
	at org.openqa.selenium.remote.RemoteWebElement.click(RemoteWebElement.java:77)
	at java.base/jdk.internal.reflect.DirectMethodHandleAccessor.invoke(DirectMethodHandleAccessor.java:104)
	at java.base/java.lang.reflect.Method.invoke(Method.java:577)
	at org.openqa.selenium.support.pagefactory.internal.LocatingElementHandler.invoke(LocatingElementHandler.java:51)
	at jdk.proxy2/jdk.proxy2.$Proxy19.click(Unknown Source)
	at com.utils.org.BaseClass.clickOnElement(BaseClass.java:100)
	at com.testscripts.org.SearchItemRunner.searchAddToshoppingCart(SearchItemRunner.java:22)
	at java.base/jdk.internal.reflect.DirectMethodHandleAccessor.invoke(DirectMethodHandleAccessor.java:104)
	at java.base/java.lang.reflect.Method.invoke(Method.java:577)
	at org.testng.internal.MethodInvocationHelper.invokeMethod(MethodInvocationHelper.java:133)
	at org.testng.internal.TestInvoker.invokeMethod(TestInvoker.java:598)
	at org.testng.internal.TestInvoker.invokeTestMethod(TestInvoker.java:173)
	at org.testng.internal.MethodRunner.runInSequence(MethodRunner.java:46)
	at org.testng.internal.TestInvoker$MethodInvocationAgent.invoke(TestInvoker.java:824)
	at org.testng.internal.TestInvoker.invokeTestMethods(TestInvoker.java:146)
	at org.testng.internal.TestMethodWorker.invokeTestMethods(TestMethodWorker.java:146)
	at org.testng.internal.TestMethodWorker.run(TestMethodWorker.java:128)
	at java.base/java.util.ArrayList.forEach(ArrayList.java:1511)
	at org.testng.TestRunner.privateRun(TestRunner.java:794)
	at org.testng.TestRunner.run(TestRunner.java:596)
	at org.testng.SuiteRunner.runTest(SuiteRunner.java:377)
	at org.testng.SuiteRunner.runSequentially(SuiteRunner.java:371)
	at org.testng.SuiteRunner.privateRun(SuiteRunner.java:332)
	at org.testng.SuiteRunner.run(SuiteRunner.java:276)
	at org.testng.SuiteRunnerWorker.runSuite(SuiteRunnerWorker.java:53)
	at org.testng.SuiteRunnerWorker.run(SuiteRunnerWorker.java:96)
	at org.testng.TestNG.runSuitesSequentially(TestNG.java:1212)
	at org.testng.TestNG.runSuitesLocally(TestNG.java:1134)
	at org.testng.TestNG.runSuites(TestNG.java:1063)
	at org.testng.TestNG.run(TestNG.java:1031)
	at org.testng.remote.AbstractRemoteTestNG.run(AbstractRemoteTestNG.java:115)
	at org.testng.remote.RemoteTestNG.initAndRun(RemoteTestNG.java:251)
	at org.testng.remote.RemoteTestNG.main(RemoteTestNG.java:77)
</pre></div></td>
<td>22</td>
<td>com.testscripts.org.SearchItemRunner@61001b64</td></tr>
</table><p>
<table width='100%' border='1' class='invocation-passed'>
<tr><td colspan='4' align='center'><b>PASSED TESTS</b></td></tr>
<tr><td><b>Test method</b></td>
<td width="30%"><b>Exception</b></td>
<td width="10%"><b>Time (seconds)</b></td>
<td><b>Instance</b></td>
</tr>
<tr>
<td title='com.testscripts.org.CreateAccountRunner.reader()'><b>reader</b><br>Test class: com.testscripts.org.CreateAccountRunner</td>
<td></td>
<td>0</td>
<td>com.testscripts.org.CreateAccountRunner@290222c1</td></tr>
<tr>
<td title='com.testscripts.org.SignUpRunner.signUpValidCredentials()'><b>signUpValidCredentials</b><br>Test class: com.testscripts.org.SignUpRunner</td>
<td></td>
<td>12</td>
<td>com.testscripts.org.SignUpRunner@47e2e487</td></tr>
<tr>
<td title='com.testscripts.org.CreateAccountRunner.createAccountInvalidCredentials()'><b>createAccountInvalidCredentials</b><br>Test class: com.testscripts.org.CreateAccountRunner<br>Parameters: 7894561231</td>
<td></td>
<td>19</td>
<td>com.testscripts.org.CreateAccountRunner@290222c1</td></tr>
<tr>
<td title='com.testscripts.org.ShopByDepartmentRunner.shopByDepartment()'><b>shopByDepartment</b><br>Test class: com.testscripts.org.ShopByDepartmentRunner</td>
<td></td>
<td>53</td>
<td>com.testscripts.org.ShopByDepartmentRunner@4310d43</td></tr>
<tr>
<td title='com.testscripts.org.ShopByBrandRunner.shopByBrands()'><b>shopByBrands</b><br>Test class: com.testscripts.org.ShopByBrandRunner</td>
<td></td>
<td>67</td>
<td>com.testscripts.org.ShopByBrandRunner@54a7079e</td></tr>
<tr>
<td title='com.testscripts.org.CreateAccountRunner.createAccountValidCredentials()'><b>createAccountValidCredentials</b><br>Test class: com.testscripts.org.CreateAccountRunner<br>Parameters: 9443352021</td>
<td></td>
<td>29</td>
<td>com.testscripts.org.CreateAccountRunner@290222c1</td></tr>
<tr>
<td title='com.testscripts.org.CheckoutAndPaymentProcessRunner.paymentInformation()'><b>paymentInformation</b><br>Test class: com.testscripts.org.CheckoutAndPaymentProcessRunner</td>
<td></td>
<td>30</td>
<td>com.testscripts.org.CheckoutAndPaymentProcessRunner@26e356f0</td></tr>
<tr>
<td title='com.testscripts.org.CheckoutAndPaymentProcessRunner.checkoutLoginProcess()'><b>checkoutLoginProcess</b><br>Test class: com.testscripts.org.CheckoutAndPaymentProcessRunner</td>
<td></td>
<td>8</td>
<td>com.testscripts.org.CheckoutAndPaymentProcessRunner@26e356f0</td></tr>
<tr>
<td title='com.testscripts.org.CreateAccountRunner.createAccountEmptyCredentials()'><b>createAccountEmptyCredentials</b><br>Test class: com.testscripts.org.CreateAccountRunner</td>
<td></td>
<td>13</td>
<td>com.testscripts.org.CreateAccountRunner@290222c1</td></tr>
<tr>
<td title='com.testscripts.org.MenuValidationRunner.topLinkVerification()'><b>topLinkVerification</b><br>Test class: com.testscripts.org.MenuValidationRunner</td>
<td></td>
<td>0</td>
<td>com.testscripts.org.MenuValidationRunner@201a4587</td></tr>
<tr>
<td title='com.testscripts.org.SignUpRunner.signUpInValidCredentials()'><b>signUpInValidCredentials</b><br>Test class: com.testscripts.org.SignUpRunner</td>
<td></td>
<td>12</td>
<td>com.testscripts.org.SignUpRunner@47e2e487</td></tr>
<tr>
<td title='com.testscripts.org.SignUpRunner.signUpEmptyCredentials()'><b>signUpEmptyCredentials</b><br>Test class: com.testscripts.org.SignUpRunner</td>
<td></td>
<td>14</td>
<td>com.testscripts.org.SignUpRunner@47e2e487</td></tr>
<tr>
<td title='com.testscripts.org.MenuValidationRunner.bottomLinkVerification()'><b>bottomLinkVerification</b><br>Test class: com.testscripts.org.MenuValidationRunner</td>
<td></td>
<td>0</td>
<td>com.testscripts.org.MenuValidationRunner@201a4587</td></tr>
</table><p>
</body>
</html>